\BOOKMARK [1][-]{section.1}{Semiconductors}{}% 1
\BOOKMARK [2][-]{subsection.1.1}{Semiconductors: a nuclear approach}{section.1}% 2
\BOOKMARK [3][-]{subsubsection.1.1.1}{Electrons and Holes}{subsection.1.1}% 3
\BOOKMARK [3][-]{subsubsection.1.1.2}{Valence and conduction bands}{subsection.1.1}% 4
\BOOKMARK [3][-]{subsubsection.1.1.3}{Silicon properties}{subsection.1.1}% 5
\BOOKMARK [2][-]{subsection.1.2}{Doping}{section.1}% 6
\BOOKMARK [3][-]{subsubsection.1.2.1}{Utilities and numbers}{subsection.1.2}% 7
\BOOKMARK [3][-]{subsubsection.1.2.2}{The intrinsic Concentration}{subsection.1.2}% 8
\BOOKMARK [2][-]{subsection.1.3}{Movement analysis of electric charge in a semiconductor bar}{section.1}% 9
\BOOKMARK [3][-]{subsubsection.1.3.1}{Numerical analysis}{subsection.1.3}% 10
\BOOKMARK [3][-]{subsubsection.1.3.2}{In}{subsection.1.3}% 11
\BOOKMARK [3][-]{subsubsection.1.3.3}{Resistivity and conductivity}{subsection.1.3}% 12
\BOOKMARK [3][-]{subsubsection.1.3.4}{Diffusion Current}{subsection.1.3}% 13
\BOOKMARK [3][-]{subsubsection.1.3.5}{Total current}{subsection.1.3}% 14
\BOOKMARK [1][-]{section.2}{Diodes}{}% 15
\BOOKMARK [2][-]{subsection.2.1}{The equilibrium}{section.2}% 16
\BOOKMARK [2][-]{subsection.2.2}{Formulas}{section.2}% 17
\BOOKMARK [1][-]{section.3}{MOSFET}{}% 18
\BOOKMARK [2][-]{subsection.3.1}{Functioning}{section.3}% 19
\BOOKMARK [2][-]{subsection.3.2}{Pinch-off and saturation}{section.3}% 20
\BOOKMARK [1][-]{section.4}{FORMULAS}{}% 21
\BOOKMARK [2][-]{subsection.4.1}{Electric field and semiconductors}{section.4}% 22
\BOOKMARK [1][-]{section.5}{Engineer's corner}{}% 23
\BOOKMARK [1][-]{section.6}{Millman's questions}{}% 24
